<?xml version="1.0" encoding="UTF-8"?>
<testsuite name="utilityapp.ValueEstimateServiceSpec" tests="1" skipped="0" failures="1" errors="0" timestamp="2018-08-27T00:12:38" hostname="LAPTOP-DIOOO0HR" time="0.001">
  <properties/>
  <testcase name="test something" classname="utilityapp.ValueEstimateServiceSpec" time="0.001">
    <failure message="Condition not satisfied:&#10;&#10;true == false&#10;     |&#10;     false&#10;" type="org.spockframework.runtime.SpockComparisonFailure">Condition not satisfied:

true == false
     |
     false

	at utilityapp.ValueEstimateServiceSpec.test something(ValueEstimateServiceSpec.groovy:16)
</failure>
  </testcase>
  <system-out><![CDATA[]]></system-out>
  <system-err><![CDATA[]]></system-err>
</testsuite>
